[0m17:11:08.882339 [debug] [MainThread]: Sending event: {'category': 'dbt', 'action': 'invocation', 'label': 'start', 'context': [<snowplow_tracker.self_describing_json.SelfDescribingJson object at 0x7eeadf337c10>, <snowplow_tracker.self_describing_json.SelfDescribingJson object at 0x7eeae122afa0>, <snowplow_tracker.self_describing_json.SelfDescribingJson object at 0x7eeadeb7e370>]}


============================== 17:11:08.897245 | 1558e803-fa9b-48c4-a372-d12b19aba1ae ==============================
[0m17:11:08.897245 [info ] [MainThread]: Running with dbt=1.9.0-b2
[0m17:11:08.898805 [debug] [MainThread]: running dbt with arguments {'printer_width': '80', 'indirect_selection': 'eager', 'log_cache_events': 'False', 'write_json': 'True', 'partial_parse': 'True', 'cache_selected_only': 'False', 'profiles_dir': '.', 'debug': 'False', 'fail_fast': 'False', 'log_path': '/opt/airflow/projects/kra/iTax_Registration_Analytics/dbt/logs', 'warn_error': 'None', 'version_check': 'True', 'use_colors': 'True', 'use_experimental_parser': 'False', 'no_print': 'None', 'quiet': 'False', 'empty': 'False', 'log_format': 'default', 'introspect': 'True', 'invocation_command': 'dbt run --profiles-dir .', 'static_parser': 'True', 'target_path': 'None', 'warn_error_options': 'WarnErrorOptions(include=[], exclude=[])', 'send_anonymous_usage_stats': 'True'}
[0m17:11:09.400631 [debug] [MainThread]: Sending event: {'category': 'dbt', 'action': 'project_id', 'label': '1558e803-fa9b-48c4-a372-d12b19aba1ae', 'context': [<snowplow_tracker.self_describing_json.SelfDescribingJson object at 0x7eeadcd19640>]}
[0m17:11:09.596766 [debug] [MainThread]: Sending event: {'category': 'dbt', 'action': 'adapter_info', 'label': '1558e803-fa9b-48c4-a372-d12b19aba1ae', 'context': [<snowplow_tracker.self_describing_json.SelfDescribingJson object at 0x7eeadccf7fa0>]}
[0m17:11:09.599042 [info ] [MainThread]: Registered adapter: postgres=1.8.2
[0m17:11:09.645557 [debug] [MainThread]: checksum: 4cfbbe2a671212f062e88a43cba5322b30b7e3e8e91b953aa4de249eeaade60f, vars: {}, profile: , target: , version: 1.9.0b2
[0m17:11:09.648461 [info ] [MainThread]: Unable to do partial parsing because saved manifest not found. Starting full parse.
[0m17:11:09.650124 [debug] [MainThread]: Sending event: {'category': 'dbt', 'action': 'partial_parser', 'label': '1558e803-fa9b-48c4-a372-d12b19aba1ae', 'context': [<snowplow_tracker.self_describing_json.SelfDescribingJson object at 0x7eeadcbada30>]}
[0m17:11:13.499241 [debug] [MainThread]: Sending event: {'category': 'dbt', 'action': 'load_project', 'label': '1558e803-fa9b-48c4-a372-d12b19aba1ae', 'context': [<snowplow_tracker.self_describing_json.SelfDescribingJson object at 0x7eeadc0e6e80>]}
[0m17:11:13.822650 [debug] [MainThread]: Sending event: {'category': 'dbt', 'action': 'resource_counts', 'label': '1558e803-fa9b-48c4-a372-d12b19aba1ae', 'context': [<snowplow_tracker.self_describing_json.SelfDescribingJson object at 0x7eeadc04d8e0>]}
[0m17:11:13.823878 [info ] [MainThread]: Found 6 models, 1 source, 423 macros
[0m17:11:13.824879 [debug] [MainThread]: Sending event: {'category': 'dbt', 'action': 'runnable_timing', 'label': '1558e803-fa9b-48c4-a372-d12b19aba1ae', 'context': [<snowplow_tracker.self_describing_json.SelfDescribingJson object at 0x7eeacf9dfaf0>]}
[0m17:11:13.828306 [info ] [MainThread]: 
[0m17:11:13.829298 [info ] [MainThread]: Concurrency: 4 threads (target='dev')
[0m17:11:13.830171 [info ] [MainThread]: 
[0m17:11:13.831418 [debug] [MainThread]: Acquiring new postgres connection 'master'
[0m17:11:13.844086 [debug] [ThreadPool]: Acquiring new postgres connection 'list_kra_warehouse'
[0m17:11:13.953791 [debug] [ThreadPool]: Using postgres connection "list_kra_warehouse"
[0m17:11:13.954988 [debug] [ThreadPool]: On list_kra_warehouse: /* {"app": "dbt", "dbt_version": "1.9.0b2", "profile_name": "itax_analytics", "target_name": "dev", "connection_name": "list_kra_warehouse"} */

    select distinct nspname from pg_namespace
  
[0m17:11:13.956027 [debug] [ThreadPool]: Opening a new connection, currently in state init
[0m17:11:13.972897 [debug] [ThreadPool]: SQL status: SELECT 4 in 0.017 seconds
[0m17:11:13.976136 [debug] [ThreadPool]: On list_kra_warehouse: Close
[0m17:11:13.979991 [debug] [ThreadPool]: Re-using an available connection from the pool (formerly list_kra_warehouse, now list_kra_warehouse_public)
[0m17:11:13.998770 [debug] [ThreadPool]: Using postgres connection "list_kra_warehouse_public"
[0m17:11:13.999907 [debug] [ThreadPool]: On list_kra_warehouse_public: BEGIN
[0m17:11:14.000887 [debug] [ThreadPool]: Opening a new connection, currently in state closed
[0m17:11:14.013589 [debug] [ThreadPool]: SQL status: BEGIN in 0.013 seconds
[0m17:11:14.014782 [debug] [ThreadPool]: Using postgres connection "list_kra_warehouse_public"
[0m17:11:14.016080 [debug] [ThreadPool]: On list_kra_warehouse_public: /* {"app": "dbt", "dbt_version": "1.9.0b2", "profile_name": "itax_analytics", "target_name": "dev", "connection_name": "list_kra_warehouse_public"} */
select
      'kra_warehouse' as database,
      tablename as name,
      schemaname as schema,
      'table' as type
    from pg_tables
    where schemaname ilike 'public'
    union all
    select
      'kra_warehouse' as database,
      viewname as name,
      schemaname as schema,
      'view' as type
    from pg_views
    where schemaname ilike 'public'
    union all
    select
      'kra_warehouse' as database,
      matviewname as name,
      schemaname as schema,
      'materialized_view' as type
    from pg_matviews
    where schemaname ilike 'public'
  
[0m17:11:14.025212 [debug] [ThreadPool]: SQL status: SELECT 9 in 0.008 seconds
[0m17:11:14.030428 [debug] [ThreadPool]: On list_kra_warehouse_public: ROLLBACK
[0m17:11:14.032387 [debug] [ThreadPool]: On list_kra_warehouse_public: Close
[0m17:11:14.049930 [debug] [MainThread]: Using postgres connection "master"
[0m17:11:14.051208 [debug] [MainThread]: On master: BEGIN
[0m17:11:14.052994 [debug] [MainThread]: Opening a new connection, currently in state init
[0m17:11:14.067156 [debug] [MainThread]: SQL status: BEGIN in 0.014 seconds
[0m17:11:14.068260 [debug] [MainThread]: Using postgres connection "master"
[0m17:11:14.069770 [debug] [MainThread]: On master: /* {"app": "dbt", "dbt_version": "1.9.0b2", "profile_name": "itax_analytics", "target_name": "dev", "connection_name": "master"} */
with relation as (
        select
            pg_rewrite.ev_class as class,
            pg_rewrite.oid as id
        from pg_rewrite
    ),
    class as (
        select
            oid as id,
            relname as name,
            relnamespace as schema,
            relkind as kind
        from pg_class
    ),
    dependency as (
        select distinct
            pg_depend.objid as id,
            pg_depend.refobjid as ref
        from pg_depend
    ),
    schema as (
        select
            pg_namespace.oid as id,
            pg_namespace.nspname as name
        from pg_namespace
        where nspname != 'information_schema' and nspname not like 'pg\_%'
    ),
    referenced as (
        select
            relation.id AS id,
            referenced_class.name ,
            referenced_class.schema ,
            referenced_class.kind
        from relation
        join class as referenced_class on relation.class=referenced_class.id
        where referenced_class.kind in ('r', 'v', 'm')
    ),
    relationships as (
        select
            referenced.name as referenced_name,
            referenced.schema as referenced_schema_id,
            dependent_class.name as dependent_name,
            dependent_class.schema as dependent_schema_id,
            referenced.kind as kind
        from referenced
        join dependency on referenced.id=dependency.id
        join class as dependent_class on dependency.ref=dependent_class.id
        where
            (referenced.name != dependent_class.name or
             referenced.schema != dependent_class.schema)
    )

    select
        referenced_schema.name as referenced_schema,
        relationships.referenced_name as referenced_name,
        dependent_schema.name as dependent_schema,
        relationships.dependent_name as dependent_name
    from relationships
    join schema as dependent_schema on relationships.dependent_schema_id=dependent_schema.id
    join schema as referenced_schema on relationships.referenced_schema_id=referenced_schema.id
    group by referenced_schema, referenced_name, dependent_schema, dependent_name
    order by referenced_schema, referenced_name, dependent_schema, dependent_name;
[0m17:11:14.081144 [debug] [MainThread]: SQL status: SELECT 2 in 0.010 seconds
[0m17:11:14.086088 [debug] [MainThread]: Sending event: {'category': 'dbt', 'action': 'runnable_timing', 'label': '1558e803-fa9b-48c4-a372-d12b19aba1ae', 'context': [<snowplow_tracker.self_describing_json.SelfDescribingJson object at 0x7eeadc04db20>]}
[0m17:11:14.087419 [debug] [MainThread]: On master: ROLLBACK
[0m17:11:14.088696 [debug] [MainThread]: Using postgres connection "master"
[0m17:11:14.089760 [debug] [MainThread]: On master: BEGIN
[0m17:11:14.091220 [debug] [MainThread]: SQL status: BEGIN in 0.000 seconds
[0m17:11:14.092276 [debug] [MainThread]: On master: COMMIT
[0m17:11:14.093341 [debug] [MainThread]: Using postgres connection "master"
[0m17:11:14.094336 [debug] [MainThread]: On master: COMMIT
[0m17:11:14.095552 [debug] [MainThread]: SQL status: COMMIT in 0.000 seconds
[0m17:11:14.096573 [debug] [MainThread]: On master: Close
[0m17:11:14.117338 [debug] [Thread-1  ]: Began running node model.itax_analytics.stg_itax_registrations
[0m17:11:14.119306 [info ] [Thread-1  ]: 1 of 2 START sql view model public.stg_itax_registrations ...................... [RUN]
[0m17:11:14.121117 [debug] [Thread-1  ]: Re-using an available connection from the pool (formerly list_kra_warehouse_public, now model.itax_analytics.stg_itax_registrations)
[0m17:11:14.122647 [debug] [Thread-1  ]: Began compiling node model.itax_analytics.stg_itax_registrations
[0m17:11:14.149338 [debug] [Thread-1  ]: Writing injected SQL for node "model.itax_analytics.stg_itax_registrations"
[0m17:11:14.151465 [debug] [Thread-1  ]: Began executing node model.itax_analytics.stg_itax_registrations
[0m17:11:14.268100 [debug] [Thread-1  ]: Writing runtime sql for node "model.itax_analytics.stg_itax_registrations"
[0m17:11:14.270609 [debug] [Thread-1  ]: Using postgres connection "model.itax_analytics.stg_itax_registrations"
[0m17:11:14.272070 [debug] [Thread-1  ]: On model.itax_analytics.stg_itax_registrations: BEGIN
[0m17:11:14.273456 [debug] [Thread-1  ]: Opening a new connection, currently in state closed
[0m17:11:14.289031 [debug] [Thread-1  ]: SQL status: BEGIN in 0.015 seconds
[0m17:11:14.290907 [debug] [Thread-1  ]: Using postgres connection "model.itax_analytics.stg_itax_registrations"
[0m17:11:14.292711 [debug] [Thread-1  ]: On model.itax_analytics.stg_itax_registrations: /* {"app": "dbt", "dbt_version": "1.9.0b2", "profile_name": "itax_analytics", "target_name": "dev", "node_id": "model.itax_analytics.stg_itax_registrations"} */

  create view "kra_warehouse"."public"."stg_itax_registrations__dbt_tmp"
    
    
  as (
    with source as (
    select * from "kra_warehouse"."public"."raw_itax_registrations"
),
renamed as (
    select
        pin,
        registration_date::date as registration_date,
        county,
        sector,
        is_active
    from source
)
select * from renamed
  );
[0m17:11:14.298160 [debug] [Thread-1  ]: SQL status: CREATE VIEW in 0.004 seconds
[0m17:11:14.323914 [debug] [Thread-1  ]: Using postgres connection "model.itax_analytics.stg_itax_registrations"
[0m17:11:14.325669 [debug] [Thread-1  ]: On model.itax_analytics.stg_itax_registrations: /* {"app": "dbt", "dbt_version": "1.9.0b2", "profile_name": "itax_analytics", "target_name": "dev", "node_id": "model.itax_analytics.stg_itax_registrations"} */
alter table "kra_warehouse"."public"."stg_itax_registrations__dbt_tmp" rename to "stg_itax_registrations"
[0m17:11:14.328191 [debug] [Thread-1  ]: SQL status: ALTER TABLE in 0.001 seconds
[0m17:11:14.372599 [debug] [Thread-1  ]: On model.itax_analytics.stg_itax_registrations: COMMIT
[0m17:11:14.373921 [debug] [Thread-1  ]: Using postgres connection "model.itax_analytics.stg_itax_registrations"
[0m17:11:14.374973 [debug] [Thread-1  ]: On model.itax_analytics.stg_itax_registrations: COMMIT
[0m17:11:14.377117 [debug] [Thread-1  ]: SQL status: COMMIT in 0.001 seconds
[0m17:11:14.405264 [debug] [Thread-1  ]: Applying DROP to: "kra_warehouse"."public"."stg_itax_registrations__dbt_backup"
[0m17:11:14.423909 [debug] [Thread-1  ]: Using postgres connection "model.itax_analytics.stg_itax_registrations"
[0m17:11:14.425207 [debug] [Thread-1  ]: On model.itax_analytics.stg_itax_registrations: /* {"app": "dbt", "dbt_version": "1.9.0b2", "profile_name": "itax_analytics", "target_name": "dev", "node_id": "model.itax_analytics.stg_itax_registrations"} */
drop view if exists "kra_warehouse"."public"."stg_itax_registrations__dbt_backup" cascade
[0m17:11:14.426654 [debug] [Thread-1  ]: SQL status: DROP VIEW in 0.000 seconds
[0m17:11:14.434730 [debug] [Thread-1  ]: On model.itax_analytics.stg_itax_registrations: Close
[0m17:11:14.443525 [debug] [Thread-1  ]: Sending event: {'category': 'dbt', 'action': 'run_model', 'label': '1558e803-fa9b-48c4-a372-d12b19aba1ae', 'context': [<snowplow_tracker.self_describing_json.SelfDescribingJson object at 0x7eeacee7deb0>]}
[0m17:11:14.445662 [info ] [Thread-1  ]: 1 of 2 OK created sql view model public.stg_itax_registrations ................. [[32mCREATE VIEW[0m in 0.32s]
[0m17:11:14.447546 [debug] [Thread-1  ]: Finished running node model.itax_analytics.stg_itax_registrations
[0m17:11:14.449759 [debug] [Thread-3  ]: Began running node model.itax_analytics.mart_registrations_summary
[0m17:11:14.452294 [info ] [Thread-3  ]: 2 of 2 START sql table model public.mart_registrations_summary ................. [RUN]
[0m17:11:14.454697 [debug] [Thread-3  ]: Acquiring new postgres connection 'model.itax_analytics.mart_registrations_summary'
[0m17:11:14.456311 [debug] [Thread-3  ]: Began compiling node model.itax_analytics.mart_registrations_summary
[0m17:11:14.467973 [debug] [Thread-3  ]: Writing injected SQL for node "model.itax_analytics.mart_registrations_summary"
[0m17:11:14.470097 [debug] [Thread-3  ]: Began executing node model.itax_analytics.mart_registrations_summary
[0m17:11:14.549798 [debug] [Thread-3  ]: Writing runtime sql for node "model.itax_analytics.mart_registrations_summary"
[0m17:11:14.552124 [debug] [Thread-3  ]: Using postgres connection "model.itax_analytics.mart_registrations_summary"
[0m17:11:14.553505 [debug] [Thread-3  ]: On model.itax_analytics.mart_registrations_summary: BEGIN
[0m17:11:14.554978 [debug] [Thread-3  ]: Opening a new connection, currently in state init
[0m17:11:14.566119 [debug] [Thread-3  ]: SQL status: BEGIN in 0.011 seconds
[0m17:11:14.567726 [debug] [Thread-3  ]: Using postgres connection "model.itax_analytics.mart_registrations_summary"
[0m17:11:14.569079 [debug] [Thread-3  ]: On model.itax_analytics.mart_registrations_summary: /* {"app": "dbt", "dbt_version": "1.9.0b2", "profile_name": "itax_analytics", "target_name": "dev", "node_id": "model.itax_analytics.mart_registrations_summary"} */

  
    

  create  table "kra_warehouse"."public"."mart_registrations_summary__dbt_tmp"
  
  
    as
  
  (
    with staging as (
    select * from "kra_warehouse"."public"."stg_itax_registrations"
),
marts as (
    select
        county,
        sector,
        date_trunc('month', registration_date) as registration_month,
        count(pin) as new_registrations,
        sum(case when is_active then 1 else 0 end) as active_registrations
    from staging
    group by 1, 2, 3
)
select * from marts
  );
  
[0m17:11:14.593335 [debug] [Thread-3  ]: SQL status: SELECT 1318 in 0.023 seconds
[0m17:11:14.604169 [debug] [Thread-3  ]: Using postgres connection "model.itax_analytics.mart_registrations_summary"
[0m17:11:14.605638 [debug] [Thread-3  ]: On model.itax_analytics.mart_registrations_summary: /* {"app": "dbt", "dbt_version": "1.9.0b2", "profile_name": "itax_analytics", "target_name": "dev", "node_id": "model.itax_analytics.mart_registrations_summary"} */
alter table "kra_warehouse"."public"."mart_registrations_summary__dbt_tmp" rename to "mart_registrations_summary"
[0m17:11:14.607488 [debug] [Thread-3  ]: SQL status: ALTER TABLE in 0.001 seconds
[0m17:11:14.623576 [debug] [Thread-3  ]: On model.itax_analytics.mart_registrations_summary: COMMIT
[0m17:11:14.625176 [debug] [Thread-3  ]: Using postgres connection "model.itax_analytics.mart_registrations_summary"
[0m17:11:14.626518 [debug] [Thread-3  ]: On model.itax_analytics.mart_registrations_summary: COMMIT
[0m17:11:14.629109 [debug] [Thread-3  ]: SQL status: COMMIT in 0.001 seconds
[0m17:11:14.638622 [debug] [Thread-3  ]: Applying DROP to: "kra_warehouse"."public"."mart_registrations_summary__dbt_backup"
[0m17:11:14.646833 [debug] [Thread-3  ]: Using postgres connection "model.itax_analytics.mart_registrations_summary"
[0m17:11:14.648327 [debug] [Thread-3  ]: On model.itax_analytics.mart_registrations_summary: /* {"app": "dbt", "dbt_version": "1.9.0b2", "profile_name": "itax_analytics", "target_name": "dev", "node_id": "model.itax_analytics.mart_registrations_summary"} */
drop table if exists "kra_warehouse"."public"."mart_registrations_summary__dbt_backup" cascade
[0m17:11:14.650225 [debug] [Thread-3  ]: SQL status: DROP TABLE in 0.000 seconds
[0m17:11:14.654279 [debug] [Thread-3  ]: On model.itax_analytics.mart_registrations_summary: Close
[0m17:11:14.659490 [debug] [Thread-3  ]: Sending event: {'category': 'dbt', 'action': 'run_model', 'label': '1558e803-fa9b-48c4-a372-d12b19aba1ae', 'context': [<snowplow_tracker.self_describing_json.SelfDescribingJson object at 0x7eeacec65e80>]}
[0m17:11:14.662004 [info ] [Thread-3  ]: 2 of 2 OK created sql table model public.mart_registrations_summary ............ [[32mSELECT 1318[0m in 0.21s]
[0m17:11:14.664120 [debug] [Thread-3  ]: Finished running node model.itax_analytics.mart_registrations_summary
[0m17:11:14.669098 [debug] [MainThread]: Using postgres connection "master"
[0m17:11:14.670478 [debug] [MainThread]: On master: BEGIN
[0m17:11:14.674207 [debug] [MainThread]: Opening a new connection, currently in state closed
[0m17:11:14.687835 [debug] [MainThread]: SQL status: BEGIN in 0.014 seconds
[0m17:11:14.689158 [debug] [MainThread]: On master: COMMIT
[0m17:11:14.690318 [debug] [MainThread]: Using postgres connection "master"
[0m17:11:14.691412 [debug] [MainThread]: On master: COMMIT
[0m17:11:14.692795 [debug] [MainThread]: SQL status: COMMIT in 0.000 seconds
[0m17:11:14.693888 [debug] [MainThread]: On master: Close
[0m17:11:14.696502 [debug] [MainThread]: Connection 'master' was properly closed.
[0m17:11:14.697582 [debug] [MainThread]: Connection 'model.itax_analytics.stg_itax_registrations' was properly closed.
[0m17:11:14.699290 [debug] [MainThread]: Connection 'model.itax_analytics.mart_registrations_summary' was properly closed.
[0m17:11:14.700848 [info ] [MainThread]: 
[0m17:11:14.702638 [info ] [MainThread]: Finished running 1 table model, 1 view model in 0 hours 0 minutes and 0.87 seconds (0.87s).
[0m17:11:14.706330 [debug] [MainThread]: Command end result
[0m17:11:14.798761 [info ] [MainThread]: 
[0m17:11:14.800287 [info ] [MainThread]: [32mCompleted successfully[0m
[0m17:11:14.801602 [info ] [MainThread]: 
[0m17:11:14.803033 [info ] [MainThread]: Done. PASS=2 WARN=0 ERROR=0 SKIP=0 TOTAL=2
[0m17:11:14.805791 [debug] [MainThread]: Resource report: {"command_name": "run", "command_success": true, "command_wall_clock_time": 6.0760236, "process_user_time": 9.78451, "process_kernel_time": 0.653764, "process_mem_max_rss": "110840", "process_out_blocks": "2560", "process_in_blocks": "0"}
[0m17:11:14.807587 [debug] [MainThread]: Command `dbt run` succeeded at 17:11:14.807249 after 6.08 seconds
[0m17:11:14.808965 [debug] [MainThread]: Sending event: {'category': 'dbt', 'action': 'invocation', 'label': 'end', 'context': [<snowplow_tracker.self_describing_json.SelfDescribingJson object at 0x7eeadf337c10>, <snowplow_tracker.self_describing_json.SelfDescribingJson object at 0x7eeadc08c1f0>, <snowplow_tracker.self_describing_json.SelfDescribingJson object at 0x7eeadcd19640>]}
[0m17:11:14.810326 [debug] [MainThread]: Flushing usage events
[0m17:11:17.765972 [debug] [MainThread]: An error was encountered while trying to flush usage events
[0m17:41:23.665242 [debug] [MainThread]: Sending event: {'category': 'dbt', 'action': 'invocation', 'label': 'start', 'context': [<snowplow_tracker.self_describing_json.SelfDescribingJson object at 0x7dfef95d9d90>, <snowplow_tracker.self_describing_json.SelfDescribingJson object at 0x7dfefb3ce2b0>, <snowplow_tracker.self_describing_json.SelfDescribingJson object at 0x7dfefa6d4760>]}


============================== 17:41:23.680290 | 040505ec-390d-41c6-bd4b-2487d4e5dfdb ==============================
[0m17:41:23.680290 [info ] [MainThread]: Running with dbt=1.9.0-b2
[0m17:41:23.681903 [debug] [MainThread]: running dbt with arguments {'printer_width': '80', 'indirect_selection': 'eager', 'write_json': 'True', 'log_cache_events': 'False', 'partial_parse': 'True', 'cache_selected_only': 'False', 'profiles_dir': '.', 'version_check': 'True', 'warn_error': 'None', 'log_path': '/opt/airflow/projects/kra/iTax_Registration_Analytics/dbt/logs', 'fail_fast': 'False', 'debug': 'False', 'use_colors': 'True', 'use_experimental_parser': 'False', 'no_print': 'None', 'quiet': 'False', 'empty': 'False', 'warn_error_options': 'WarnErrorOptions(include=[], exclude=[])', 'invocation_command': 'dbt run --profiles-dir .', 'static_parser': 'True', 'log_format': 'default', 'target_path': 'None', 'introspect': 'True', 'send_anonymous_usage_stats': 'True'}
[0m17:41:24.186216 [debug] [MainThread]: Sending event: {'category': 'dbt', 'action': 'project_id', 'label': '040505ec-390d-41c6-bd4b-2487d4e5dfdb', 'context': [<snowplow_tracker.self_describing_json.SelfDescribingJson object at 0x7dfef6efeb20>]}
[0m17:41:24.361950 [debug] [MainThread]: Sending event: {'category': 'dbt', 'action': 'adapter_info', 'label': '040505ec-390d-41c6-bd4b-2487d4e5dfdb', 'context': [<snowplow_tracker.self_describing_json.SelfDescribingJson object at 0x7dfef6ede250>]}
[0m17:41:24.364103 [info ] [MainThread]: Registered adapter: postgres=1.8.2
[0m17:41:24.410377 [debug] [MainThread]: checksum: 4cfbbe2a671212f062e88a43cba5322b30b7e3e8e91b953aa4de249eeaade60f, vars: {}, profile: , target: , version: 1.9.0b2
[0m17:41:24.877174 [debug] [MainThread]: Partial parsing enabled: 0 files deleted, 0 files added, 0 files changed.
[0m17:41:24.878411 [debug] [MainThread]: Partial parsing enabled, no changes found, skipping parsing
[0m17:41:25.012662 [debug] [MainThread]: Sending event: {'category': 'dbt', 'action': 'load_project', 'label': '040505ec-390d-41c6-bd4b-2487d4e5dfdb', 'context': [<snowplow_tracker.self_describing_json.SelfDescribingJson object at 0x7dfef6c82100>]}
[0m17:41:25.329800 [debug] [MainThread]: Sending event: {'category': 'dbt', 'action': 'resource_counts', 'label': '040505ec-390d-41c6-bd4b-2487d4e5dfdb', 'context': [<snowplow_tracker.self_describing_json.SelfDescribingJson object at 0x7dfef6b24430>]}
[0m17:41:25.331243 [info ] [MainThread]: Found 6 models, 1 source, 423 macros
[0m17:41:25.332313 [debug] [MainThread]: Sending event: {'category': 'dbt', 'action': 'runnable_timing', 'label': '040505ec-390d-41c6-bd4b-2487d4e5dfdb', 'context': [<snowplow_tracker.self_describing_json.SelfDescribingJson object at 0x7dfef6c90250>]}
[0m17:41:25.336182 [info ] [MainThread]: 
[0m17:41:25.337405 [info ] [MainThread]: Concurrency: 4 threads (target='dev')
[0m17:41:25.338780 [info ] [MainThread]: 
[0m17:41:25.340381 [debug] [MainThread]: Acquiring new postgres connection 'master'
[0m17:41:25.353048 [debug] [ThreadPool]: Acquiring new postgres connection 'list_kra_warehouse'
[0m17:41:25.474517 [debug] [ThreadPool]: Using postgres connection "list_kra_warehouse"
[0m17:41:25.475818 [debug] [ThreadPool]: On list_kra_warehouse: /* {"app": "dbt", "dbt_version": "1.9.0b2", "profile_name": "itax_analytics", "target_name": "dev", "connection_name": "list_kra_warehouse"} */

    select distinct nspname from pg_namespace
  
[0m17:41:25.477155 [debug] [ThreadPool]: Opening a new connection, currently in state init
[0m17:41:25.496860 [debug] [ThreadPool]: SQL status: SELECT 4 in 0.020 seconds
[0m17:41:25.500293 [debug] [ThreadPool]: On list_kra_warehouse: Close
[0m17:41:25.506418 [debug] [ThreadPool]: Re-using an available connection from the pool (formerly list_kra_warehouse, now list_kra_warehouse_public)
[0m17:41:25.530937 [debug] [ThreadPool]: Using postgres connection "list_kra_warehouse_public"
[0m17:41:25.532354 [debug] [ThreadPool]: On list_kra_warehouse_public: BEGIN
[0m17:41:25.533644 [debug] [ThreadPool]: Opening a new connection, currently in state closed
[0m17:41:25.545813 [debug] [ThreadPool]: SQL status: BEGIN in 0.012 seconds
[0m17:41:25.546869 [debug] [ThreadPool]: Using postgres connection "list_kra_warehouse_public"
[0m17:41:25.547981 [debug] [ThreadPool]: On list_kra_warehouse_public: /* {"app": "dbt", "dbt_version": "1.9.0b2", "profile_name": "itax_analytics", "target_name": "dev", "connection_name": "list_kra_warehouse_public"} */
select
      'kra_warehouse' as database,
      tablename as name,
      schemaname as schema,
      'table' as type
    from pg_tables
    where schemaname ilike 'public'
    union all
    select
      'kra_warehouse' as database,
      viewname as name,
      schemaname as schema,
      'view' as type
    from pg_views
    where schemaname ilike 'public'
    union all
    select
      'kra_warehouse' as database,
      matviewname as name,
      schemaname as schema,
      'materialized_view' as type
    from pg_matviews
    where schemaname ilike 'public'
  
[0m17:41:25.555531 [debug] [ThreadPool]: SQL status: SELECT 19 in 0.006 seconds
[0m17:41:25.561847 [debug] [ThreadPool]: On list_kra_warehouse_public: ROLLBACK
[0m17:41:25.563487 [debug] [ThreadPool]: On list_kra_warehouse_public: Close
[0m17:41:25.593793 [debug] [MainThread]: Using postgres connection "master"
[0m17:41:25.594882 [debug] [MainThread]: On master: BEGIN
[0m17:41:25.595761 [debug] [MainThread]: Opening a new connection, currently in state init
[0m17:41:25.610010 [debug] [MainThread]: SQL status: BEGIN in 0.014 seconds
[0m17:41:25.611290 [debug] [MainThread]: Using postgres connection "master"
[0m17:41:25.612737 [debug] [MainThread]: On master: /* {"app": "dbt", "dbt_version": "1.9.0b2", "profile_name": "itax_analytics", "target_name": "dev", "connection_name": "master"} */
with relation as (
        select
            pg_rewrite.ev_class as class,
            pg_rewrite.oid as id
        from pg_rewrite
    ),
    class as (
        select
            oid as id,
            relname as name,
            relnamespace as schema,
            relkind as kind
        from pg_class
    ),
    dependency as (
        select distinct
            pg_depend.objid as id,
            pg_depend.refobjid as ref
        from pg_depend
    ),
    schema as (
        select
            pg_namespace.oid as id,
            pg_namespace.nspname as name
        from pg_namespace
        where nspname != 'information_schema' and nspname not like 'pg\_%'
    ),
    referenced as (
        select
            relation.id AS id,
            referenced_class.name ,
            referenced_class.schema ,
            referenced_class.kind
        from relation
        join class as referenced_class on relation.class=referenced_class.id
        where referenced_class.kind in ('r', 'v', 'm')
    ),
    relationships as (
        select
            referenced.name as referenced_name,
            referenced.schema as referenced_schema_id,
            dependent_class.name as dependent_name,
            dependent_class.schema as dependent_schema_id,
            referenced.kind as kind
        from referenced
        join dependency on referenced.id=dependency.id
        join class as dependent_class on dependency.ref=dependent_class.id
        where
            (referenced.name != dependent_class.name or
             referenced.schema != dependent_class.schema)
    )

    select
        referenced_schema.name as referenced_schema,
        relationships.referenced_name as referenced_name,
        dependent_schema.name as dependent_schema,
        relationships.dependent_name as dependent_name
    from relationships
    join schema as dependent_schema on relationships.dependent_schema_id=dependent_schema.id
    join schema as referenced_schema on relationships.referenced_schema_id=referenced_schema.id
    group by referenced_schema, referenced_name, dependent_schema, dependent_name
    order by referenced_schema, referenced_name, dependent_schema, dependent_name;
[0m17:41:25.624782 [debug] [MainThread]: SQL status: SELECT 4 in 0.010 seconds
[0m17:41:25.631545 [debug] [MainThread]: Sending event: {'category': 'dbt', 'action': 'runnable_timing', 'label': '040505ec-390d-41c6-bd4b-2487d4e5dfdb', 'context': [<snowplow_tracker.self_describing_json.SelfDescribingJson object at 0x7dfef6aded00>]}
[0m17:41:25.633165 [debug] [MainThread]: On master: ROLLBACK
[0m17:41:25.634751 [debug] [MainThread]: Using postgres connection "master"
[0m17:41:25.635974 [debug] [MainThread]: On master: BEGIN
[0m17:41:25.641120 [debug] [MainThread]: SQL status: BEGIN in 0.004 seconds
[0m17:41:25.642299 [debug] [MainThread]: On master: COMMIT
[0m17:41:25.643543 [debug] [MainThread]: Using postgres connection "master"
[0m17:41:25.644715 [debug] [MainThread]: On master: COMMIT
[0m17:41:25.646173 [debug] [MainThread]: SQL status: COMMIT in 0.000 seconds
[0m17:41:25.647517 [debug] [MainThread]: On master: Close
[0m17:41:25.676700 [debug] [Thread-1  ]: Began running node model.itax_analytics.stg_itax_registrations
[0m17:41:25.678811 [info ] [Thread-1  ]: 1 of 2 START sql view model public.stg_itax_registrations ...................... [RUN]
[0m17:41:25.681906 [debug] [Thread-1  ]: Re-using an available connection from the pool (formerly list_kra_warehouse_public, now model.itax_analytics.stg_itax_registrations)
[0m17:41:25.683792 [debug] [Thread-1  ]: Began compiling node model.itax_analytics.stg_itax_registrations
[0m17:41:25.713515 [debug] [Thread-1  ]: Writing injected SQL for node "model.itax_analytics.stg_itax_registrations"
[0m17:41:25.715248 [debug] [Thread-1  ]: Began executing node model.itax_analytics.stg_itax_registrations
[0m17:41:25.830333 [debug] [Thread-1  ]: Writing runtime sql for node "model.itax_analytics.stg_itax_registrations"
[0m17:41:25.832247 [debug] [Thread-1  ]: Using postgres connection "model.itax_analytics.stg_itax_registrations"
[0m17:41:25.833466 [debug] [Thread-1  ]: On model.itax_analytics.stg_itax_registrations: BEGIN
[0m17:41:25.834492 [debug] [Thread-1  ]: Opening a new connection, currently in state closed
[0m17:41:25.846496 [debug] [Thread-1  ]: SQL status: BEGIN in 0.012 seconds
[0m17:41:25.847503 [debug] [Thread-1  ]: Using postgres connection "model.itax_analytics.stg_itax_registrations"
[0m17:41:25.848554 [debug] [Thread-1  ]: On model.itax_analytics.stg_itax_registrations: /* {"app": "dbt", "dbt_version": "1.9.0b2", "profile_name": "itax_analytics", "target_name": "dev", "node_id": "model.itax_analytics.stg_itax_registrations"} */

  create view "kra_warehouse"."public"."stg_itax_registrations__dbt_tmp"
    
    
  as (
    with source as (
    select * from "kra_warehouse"."public"."raw_itax_registrations"
),
renamed as (
    select
        pin,
        registration_date::date as registration_date,
        county,
        sector,
        is_active
    from source
)
select * from renamed
  );
[0m17:41:25.852349 [debug] [Thread-1  ]: SQL status: CREATE VIEW in 0.003 seconds
[0m17:41:25.872085 [debug] [Thread-1  ]: Using postgres connection "model.itax_analytics.stg_itax_registrations"
[0m17:41:25.873436 [debug] [Thread-1  ]: On model.itax_analytics.stg_itax_registrations: /* {"app": "dbt", "dbt_version": "1.9.0b2", "profile_name": "itax_analytics", "target_name": "dev", "node_id": "model.itax_analytics.stg_itax_registrations"} */
alter table "kra_warehouse"."public"."stg_itax_registrations__dbt_tmp" rename to "stg_itax_registrations"
[0m17:41:25.875511 [debug] [Thread-1  ]: SQL status: ALTER TABLE in 0.001 seconds
[0m17:41:25.923310 [debug] [Thread-1  ]: On model.itax_analytics.stg_itax_registrations: COMMIT
[0m17:41:25.925063 [debug] [Thread-1  ]: Using postgres connection "model.itax_analytics.stg_itax_registrations"
[0m17:41:25.926639 [debug] [Thread-1  ]: On model.itax_analytics.stg_itax_registrations: COMMIT
[0m17:41:25.929245 [debug] [Thread-1  ]: SQL status: COMMIT in 0.001 seconds
[0m17:41:25.947120 [debug] [Thread-1  ]: Applying DROP to: "kra_warehouse"."public"."stg_itax_registrations__dbt_backup"
[0m17:41:25.960885 [debug] [Thread-1  ]: Using postgres connection "model.itax_analytics.stg_itax_registrations"
[0m17:41:25.962141 [debug] [Thread-1  ]: On model.itax_analytics.stg_itax_registrations: /* {"app": "dbt", "dbt_version": "1.9.0b2", "profile_name": "itax_analytics", "target_name": "dev", "node_id": "model.itax_analytics.stg_itax_registrations"} */
drop view if exists "kra_warehouse"."public"."stg_itax_registrations__dbt_backup" cascade
[0m17:41:25.963653 [debug] [Thread-1  ]: SQL status: DROP VIEW in 0.000 seconds
[0m17:41:25.969628 [debug] [Thread-1  ]: On model.itax_analytics.stg_itax_registrations: Close
[0m17:41:25.974275 [debug] [Thread-1  ]: Sending event: {'category': 'dbt', 'action': 'run_model', 'label': '040505ec-390d-41c6-bd4b-2487d4e5dfdb', 'context': [<snowplow_tracker.self_describing_json.SelfDescribingJson object at 0x7dfef600d3d0>]}
[0m17:41:25.976398 [info ] [Thread-1  ]: 1 of 2 OK created sql view model public.stg_itax_registrations ................. [[32mCREATE VIEW[0m in 0.29s]
[0m17:41:25.978421 [debug] [Thread-1  ]: Finished running node model.itax_analytics.stg_itax_registrations
[0m17:41:25.981013 [debug] [Thread-3  ]: Began running node model.itax_analytics.mart_registrations_summary
[0m17:41:25.984032 [info ] [Thread-3  ]: 2 of 2 START sql table model public.mart_registrations_summary ................. [RUN]
[0m17:41:25.987674 [debug] [Thread-3  ]: Acquiring new postgres connection 'model.itax_analytics.mart_registrations_summary'
[0m17:41:25.988962 [debug] [Thread-3  ]: Began compiling node model.itax_analytics.mart_registrations_summary
[0m17:41:26.007119 [debug] [Thread-3  ]: Writing injected SQL for node "model.itax_analytics.mart_registrations_summary"
[0m17:41:26.008660 [debug] [Thread-3  ]: Began executing node model.itax_analytics.mart_registrations_summary
[0m17:41:26.079862 [debug] [Thread-3  ]: Writing runtime sql for node "model.itax_analytics.mart_registrations_summary"
[0m17:41:26.081739 [debug] [Thread-3  ]: Using postgres connection "model.itax_analytics.mart_registrations_summary"
[0m17:41:26.082794 [debug] [Thread-3  ]: On model.itax_analytics.mart_registrations_summary: BEGIN
[0m17:41:26.083768 [debug] [Thread-3  ]: Opening a new connection, currently in state init
[0m17:41:26.097957 [debug] [Thread-3  ]: SQL status: BEGIN in 0.014 seconds
[0m17:41:26.099776 [debug] [Thread-3  ]: Using postgres connection "model.itax_analytics.mart_registrations_summary"
[0m17:41:26.101709 [debug] [Thread-3  ]: On model.itax_analytics.mart_registrations_summary: /* {"app": "dbt", "dbt_version": "1.9.0b2", "profile_name": "itax_analytics", "target_name": "dev", "node_id": "model.itax_analytics.mart_registrations_summary"} */

  
    

  create  table "kra_warehouse"."public"."mart_registrations_summary__dbt_tmp"
  
  
    as
  
  (
    with staging as (
    select * from "kra_warehouse"."public"."stg_itax_registrations"
),
marts as (
    select
        county,
        sector,
        date_trunc('month', registration_date) as registration_month,
        count(pin) as new_registrations,
        sum(case when is_active then 1 else 0 end) as active_registrations
    from staging
    group by 1, 2, 3
)
select * from marts
  );
  
[0m17:41:26.124727 [debug] [Thread-3  ]: SQL status: SELECT 1318 in 0.021 seconds
[0m17:41:26.140156 [debug] [Thread-3  ]: Using postgres connection "model.itax_analytics.mart_registrations_summary"
[0m17:41:26.142041 [debug] [Thread-3  ]: On model.itax_analytics.mart_registrations_summary: /* {"app": "dbt", "dbt_version": "1.9.0b2", "profile_name": "itax_analytics", "target_name": "dev", "node_id": "model.itax_analytics.mart_registrations_summary"} */
alter table "kra_warehouse"."public"."mart_registrations_summary" rename to "mart_registrations_summary__dbt_backup"
[0m17:41:26.144718 [debug] [Thread-3  ]: SQL status: ALTER TABLE in 0.001 seconds
[0m17:41:26.157259 [debug] [Thread-3  ]: Using postgres connection "model.itax_analytics.mart_registrations_summary"
[0m17:41:26.158586 [debug] [Thread-3  ]: On model.itax_analytics.mart_registrations_summary: /* {"app": "dbt", "dbt_version": "1.9.0b2", "profile_name": "itax_analytics", "target_name": "dev", "node_id": "model.itax_analytics.mart_registrations_summary"} */
alter table "kra_warehouse"."public"."mart_registrations_summary__dbt_tmp" rename to "mart_registrations_summary"
[0m17:41:26.160374 [debug] [Thread-3  ]: SQL status: ALTER TABLE in 0.001 seconds
[0m17:41:26.188364 [debug] [Thread-3  ]: On model.itax_analytics.mart_registrations_summary: COMMIT
[0m17:41:26.190083 [debug] [Thread-3  ]: Using postgres connection "model.itax_analytics.mart_registrations_summary"
[0m17:41:26.191631 [debug] [Thread-3  ]: On model.itax_analytics.mart_registrations_summary: COMMIT
[0m17:41:26.194550 [debug] [Thread-3  ]: SQL status: COMMIT in 0.001 seconds
[0m17:41:26.205460 [debug] [Thread-3  ]: Applying DROP to: "kra_warehouse"."public"."mart_registrations_summary__dbt_backup"
[0m17:41:26.214913 [debug] [Thread-3  ]: Using postgres connection "model.itax_analytics.mart_registrations_summary"
[0m17:41:26.216529 [debug] [Thread-3  ]: On model.itax_analytics.mart_registrations_summary: /* {"app": "dbt", "dbt_version": "1.9.0b2", "profile_name": "itax_analytics", "target_name": "dev", "node_id": "model.itax_analytics.mart_registrations_summary"} */
drop table if exists "kra_warehouse"."public"."mart_registrations_summary__dbt_backup" cascade
[0m17:41:26.221457 [debug] [Thread-3  ]: SQL status: DROP TABLE in 0.003 seconds
[0m17:41:26.225959 [debug] [Thread-3  ]: On model.itax_analytics.mart_registrations_summary: Close
[0m17:41:26.231297 [debug] [Thread-3  ]: Sending event: {'category': 'dbt', 'action': 'run_model', 'label': '040505ec-390d-41c6-bd4b-2487d4e5dfdb', 'context': [<snowplow_tracker.self_describing_json.SelfDescribingJson object at 0x7dfef5f2c3d0>]}
[0m17:41:26.233527 [info ] [Thread-3  ]: 2 of 2 OK created sql table model public.mart_registrations_summary ............ [[32mSELECT 1318[0m in 0.24s]
[0m17:41:26.236478 [debug] [Thread-3  ]: Finished running node model.itax_analytics.mart_registrations_summary
[0m17:41:26.239746 [debug] [MainThread]: Using postgres connection "master"
[0m17:41:26.240807 [debug] [MainThread]: On master: BEGIN
[0m17:41:26.241780 [debug] [MainThread]: Opening a new connection, currently in state closed
[0m17:41:26.253515 [debug] [MainThread]: SQL status: BEGIN in 0.012 seconds
[0m17:41:26.254571 [debug] [MainThread]: On master: COMMIT
[0m17:41:26.255415 [debug] [MainThread]: Using postgres connection "master"
[0m17:41:26.256315 [debug] [MainThread]: On master: COMMIT
[0m17:41:26.257798 [debug] [MainThread]: SQL status: COMMIT in 0.000 seconds
[0m17:41:26.258829 [debug] [MainThread]: On master: Close
[0m17:41:26.262066 [debug] [MainThread]: Connection 'master' was properly closed.
[0m17:41:26.263131 [debug] [MainThread]: Connection 'model.itax_analytics.stg_itax_registrations' was properly closed.
[0m17:41:26.265096 [debug] [MainThread]: Connection 'model.itax_analytics.mart_registrations_summary' was properly closed.
[0m17:41:26.266108 [info ] [MainThread]: 
[0m17:41:26.267061 [info ] [MainThread]: Finished running 1 table model, 1 view model in 0 hours 0 minutes and 0.93 seconds (0.93s).
[0m17:41:26.269108 [debug] [MainThread]: Command end result
[0m17:41:26.431907 [info ] [MainThread]: 
[0m17:41:26.433266 [info ] [MainThread]: [32mCompleted successfully[0m
[0m17:41:26.434301 [info ] [MainThread]: 
[0m17:41:26.435572 [info ] [MainThread]: Done. PASS=2 WARN=0 ERROR=0 SKIP=0 TOTAL=2
[0m17:41:26.438359 [debug] [MainThread]: Resource report: {"command_name": "run", "command_success": true, "command_wall_clock_time": 2.920988, "process_user_time": 6.664573, "process_kernel_time": 0.574015, "process_mem_max_rss": "106668", "process_out_blocks": "1736", "process_in_blocks": "0"}
[0m17:41:26.439818 [debug] [MainThread]: Command `dbt run` succeeded at 17:41:26.439590 after 2.92 seconds
[0m17:41:26.440793 [debug] [MainThread]: Sending event: {'category': 'dbt', 'action': 'invocation', 'label': 'end', 'context': [<snowplow_tracker.self_describing_json.SelfDescribingJson object at 0x7dfef95d9d90>, <snowplow_tracker.self_describing_json.SelfDescribingJson object at 0x7dfef6d7e370>, <snowplow_tracker.self_describing_json.SelfDescribingJson object at 0x7dfefc95f070>]}
[0m17:41:26.441731 [debug] [MainThread]: Flushing usage events
[0m17:41:27.798805 [debug] [MainThread]: An error was encountered while trying to flush usage events
